<?xml version="1.0" encoding="UTF-8"?>
<testsuite name="com.bloomtech.userCreation.controllers.UserControllerTest" tests="3" skipped="0" failures="0" errors="0" timestamp="2022-05-04T16:31:44" hostname="Lambda-School-Jamies-MacBook-Pro.local" time="0.257">
  <properties/>
  <testcase name="addNewUser()" classname="com.bloomtech.userCreation.controllers.UserControllerTest" time="0.233"/>
  <testcase name="getUsers()" classname="com.bloomtech.userCreation.controllers.UserControllerTest" time="0.013"/>
  <testcase name="addUser_BadUserInfo()" classname="com.bloomtech.userCreation.controllers.UserControllerTest" time="0.007"/>
  <system-out><![CDATA[09:31:41.676 [Test worker] DEBUG org.springframework.test.context.BootstrapUtils - Instantiating CacheAwareContextLoaderDelegate from class [org.springframework.test.context.cache.DefaultCacheAwareContextLoaderDelegate]
09:31:41.699 [Test worker] DEBUG org.springframework.test.context.BootstrapUtils - Instantiating BootstrapContext using constructor [public org.springframework.test.context.support.DefaultBootstrapContext(java.lang.Class,org.springframework.test.context.CacheAwareContextLoaderDelegate)]
09:31:41.765 [Test worker] DEBUG org.springframework.test.context.BootstrapUtils - Instantiating TestContextBootstrapper for test class [com.bloomtech.userCreation.controllers.UserControllerTest] from class [org.springframework.boot.test.autoconfigure.web.servlet.WebMvcTestContextBootstrapper]
09:31:41.786 [Test worker] INFO org.springframework.boot.test.autoconfigure.web.servlet.WebMvcTestContextBootstrapper - Neither @ContextConfiguration nor @ContextHierarchy found for test class [com.bloomtech.userCreation.controllers.UserControllerTest], using SpringBootContextLoader
09:31:41.795 [Test worker] DEBUG org.springframework.test.context.support.AbstractContextLoader - Did not detect default resource location for test class [com.bloomtech.userCreation.controllers.UserControllerTest]: class path resource [com/bloomtech/userCreation/controllers/UserControllerTest-context.xml] does not exist
09:31:41.796 [Test worker] DEBUG org.springframework.test.context.support.AbstractContextLoader - Did not detect default resource location for test class [com.bloomtech.userCreation.controllers.UserControllerTest]: class path resource [com/bloomtech/userCreation/controllers/UserControllerTestContext.groovy] does not exist
09:31:41.796 [Test worker] INFO org.springframework.test.context.support.AbstractContextLoader - Could not detect default resource locations for test class [com.bloomtech.userCreation.controllers.UserControllerTest]: no resource found for suffixes {-context.xml, Context.groovy}.
09:31:41.797 [Test worker] INFO org.springframework.test.context.support.AnnotationConfigContextLoaderUtils - Could not detect default configuration classes for test class [com.bloomtech.userCreation.controllers.UserControllerTest]: UserControllerTest does not declare any static, non-private, non-final, nested classes annotated with @Configuration.
09:31:41.900 [Test worker] DEBUG org.springframework.test.context.support.ActiveProfilesUtils - Could not find an 'annotation declaring class' for annotation type [org.springframework.test.context.ActiveProfiles] and class [com.bloomtech.userCreation.controllers.UserControllerTest]
09:31:42.004 [Test worker] DEBUG org.springframework.context.annotation.ClassPathScanningCandidateComponentProvider - Identified candidate component class: file [/Users/jamie/dev/ATA_Curriculum_Repos/Unit-1/Sprint 4/UserCreation/build/classes/java/main/com/bloomtech/userCreation/App.class]
09:31:42.005 [Test worker] INFO org.springframework.boot.test.context.SpringBootTestContextBootstrapper - Found @SpringBootConfiguration com.bloomtech.userCreation.App for test class com.bloomtech.userCreation.controllers.UserControllerTest
09:31:42.009 [Test worker] DEBUG org.springframework.boot.test.autoconfigure.web.servlet.WebMvcTestContextBootstrapper - @TestExecutionListeners is not present for class [com.bloomtech.userCreation.controllers.UserControllerTest]: using defaults.
09:31:42.010 [Test worker] INFO org.springframework.boot.test.autoconfigure.web.servlet.WebMvcTestContextBootstrapper - Loaded default TestExecutionListener class names from location [META-INF/spring.factories]: [org.springframework.boot.test.autoconfigure.restdocs.RestDocsTestExecutionListener, org.springframework.boot.test.autoconfigure.web.client.MockRestServiceServerResetTestExecutionListener, org.springframework.boot.test.autoconfigure.web.servlet.MockMvcPrintOnlyOnFailureTestExecutionListener, org.springframework.boot.test.autoconfigure.web.servlet.WebDriverTestExecutionListener, org.springframework.boot.test.autoconfigure.webservices.client.MockWebServiceServerTestExecutionListener, org.springframework.boot.test.mock.mockito.MockitoTestExecutionListener, org.springframework.boot.test.mock.mockito.ResetMocksTestExecutionListener, org.springframework.test.context.web.ServletTestExecutionListener, org.springframework.test.context.support.DirtiesContextBeforeModesTestExecutionListener, org.springframework.test.context.event.ApplicationEventsTestExecutionListener, org.springframework.test.context.support.DependencyInjectionTestExecutionListener, org.springframework.test.context.support.DirtiesContextTestExecutionListener, org.springframework.test.context.transaction.TransactionalTestExecutionListener, org.springframework.test.context.jdbc.SqlScriptsTestExecutionListener, org.springframework.test.context.event.EventPublishingTestExecutionListener]
09:31:42.030 [Test worker] DEBUG org.springframework.boot.test.autoconfigure.web.servlet.WebMvcTestContextBootstrapper - Skipping candidate TestExecutionListener [org.springframework.test.context.transaction.TransactionalTestExecutionListener] due to a missing dependency. Specify custom listener classes or make the default listener classes and their required dependencies available. Offending class: [org/springframework/transaction/interceptor/TransactionAttributeSource]
09:31:42.030 [Test worker] DEBUG org.springframework.boot.test.autoconfigure.web.servlet.WebMvcTestContextBootstrapper - Skipping candidate TestExecutionListener [org.springframework.test.context.jdbc.SqlScriptsTestExecutionListener] due to a missing dependency. Specify custom listener classes or make the default listener classes and their required dependencies available. Offending class: [org/springframework/transaction/interceptor/TransactionAttribute]
09:31:42.030 [Test worker] INFO org.springframework.boot.test.autoconfigure.web.servlet.WebMvcTestContextBootstrapper - Using TestExecutionListeners: [org.springframework.test.context.web.ServletTestExecutionListener@510760e8, org.springframework.test.context.support.DirtiesContextBeforeModesTestExecutionListener@2a2ed36d, org.springframework.test.context.event.ApplicationEventsTestExecutionListener@6a2ee71e, org.springframework.boot.test.mock.mockito.MockitoTestExecutionListener@1c025009, org.springframework.boot.test.autoconfigure.SpringBootDependencyInjectionTestExecutionListener@76687341, org.springframework.test.context.support.DirtiesContextTestExecutionListener@2a81735a, org.springframework.test.context.event.EventPublishingTestExecutionListener@370a7703, org.springframework.boot.test.autoconfigure.restdocs.RestDocsTestExecutionListener@3986fbf3, org.springframework.boot.test.autoconfigure.web.client.MockRestServiceServerResetTestExecutionListener@c4165f9, org.springframework.boot.test.autoconfigure.web.servlet.MockMvcPrintOnlyOnFailureTestExecutionListener@2d7bcc88, org.springframework.boot.test.autoconfigure.web.servlet.WebDriverTestExecutionListener@492d044b, org.springframework.boot.test.autoconfigure.webservices.client.MockWebServiceServerTestExecutionListener@47fa37fe, org.springframework.boot.test.mock.mockito.ResetMocksTestExecutionListener@4013ec55]
09:31:42.035 [Test worker] DEBUG org.springframework.test.context.support.AbstractDirtiesContextTestExecutionListener - Before test class: context [DefaultTestContext@49e552e1 testClass = UserControllerTest, testInstance = [null], testMethod = [null], testException = [null], mergedContextConfiguration = [WebMergedContextConfiguration@10bf3d39 testClass = UserControllerTest, locations = '{}', classes = '{class com.bloomtech.userCreation.App}', contextInitializerClasses = '[]', activeProfiles = '{}', propertySourceLocations = '{}', propertySourceProperties = '{org.springframework.boot.test.autoconfigure.web.servlet.WebMvcTestContextBootstrapper=true}', contextCustomizers = set[org.springframework.boot.test.autoconfigure.OverrideAutoConfigurationContextCustomizerFactory$DisableAutoConfigurationContextCustomizer@761cefe4, org.springframework.boot.test.autoconfigure.actuate.metrics.MetricsExportContextCustomizerFactory$DisableMetricExportContextCustomizer@67ef9321, org.springframework.boot.test.autoconfigure.filter.TypeExcludeFiltersContextCustomizer@2cec0236, org.springframework.boot.test.autoconfigure.properties.PropertyMappingContextCustomizer@148d0141, org.springframework.boot.test.autoconfigure.web.servlet.WebDriverContextCustomizerFactory$Customizer@ee7f876, [ImportsContextCustomizer@5459c76f key = [org.springframework.boot.autoconfigure.cache.CacheAutoConfiguration, org.springframework.boot.autoconfigure.context.MessageSourceAutoConfiguration, org.springframework.boot.autoconfigure.data.web.SpringDataWebAutoConfiguration, org.springframework.boot.autoconfigure.freemarker.FreeMarkerAutoConfiguration, org.springframework.boot.autoconfigure.groovy.template.GroovyTemplateAutoConfiguration, org.springframework.boot.autoconfigure.gson.GsonAutoConfiguration, org.springframework.boot.autoconfigure.hateoas.HypermediaAutoConfiguration, org.springframework.boot.autoconfigure.http.HttpMessageConvertersAutoConfiguration, org.springframework.boot.autoconfigure.jackson.JacksonAutoConfiguration, org.springframework.boot.autoconfigure.jsonb.JsonbAutoConfiguration, org.springframework.boot.autoconfigure.mustache.MustacheAutoConfiguration, org.springframework.boot.autoconfigure.task.TaskExecutionAutoConfiguration, org.springframework.boot.autoconfigure.thymeleaf.ThymeleafAutoConfiguration, org.springframework.boot.autoconfigure.validation.ValidationAutoConfiguration, org.springframework.boot.autoconfigure.web.servlet.error.ErrorMvcAutoConfiguration, org.springframework.boot.autoconfigure.web.servlet.HttpEncodingAutoConfiguration, org.springframework.boot.autoconfigure.web.servlet.WebMvcAutoConfiguration, org.springframework.boot.test.autoconfigure.web.servlet.MockMvcAutoConfiguration, org.springframework.boot.test.autoconfigure.web.servlet.MockMvcWebClientAutoConfiguration, org.springframework.boot.test.autoconfigure.web.servlet.MockMvcWebDriverAutoConfiguration, org.springframework.boot.autoconfigure.security.oauth2.client.servlet.OAuth2ClientAutoConfiguration, org.springframework.boot.autoconfigure.security.oauth2.resource.servlet.OAuth2ResourceServerAutoConfiguration, org.springframework.boot.autoconfigure.security.servlet.SecurityAutoConfiguration, org.springframework.boot.autoconfigure.security.servlet.SecurityFilterAutoConfiguration, org.springframework.boot.autoconfigure.security.servlet.UserDetailsServiceAutoConfiguration, org.springframework.boot.test.autoconfigure.web.servlet.MockMvcSecurityConfiguration, org.springframework.boot.test.autoconfigure.web.reactive.WebTestClientAutoConfiguration]], org.springframework.boot.test.context.filter.ExcludeFilterContextCustomizer@21e28c88, org.springframework.boot.test.json.DuplicateJsonObjectContextCustomizerFactory$DuplicateJsonObjectContextCustomizer@5035ac3f, org.springframework.boot.test.mock.mockito.MockitoContextCustomizer@1b52455c, org.springframework.boot.test.context.SpringBootTestArgs@1, org.springframework.boot.test.context.SpringBootTestWebEnvironment@0], resourceBasePath = 'src/main/webapp', contextLoader = 'org.springframework.boot.test.context.SpringBootContextLoader', parent = [null]], attributes = map[[empty]]], class annotated with @DirtiesContext [false] with mode [null].

  .   ____          _            __ _ _
 /\\ / ___'_ __ _ _(_)_ __  __ _ \ \ \ \
( ( )\___ | '_ | '_| | '_ \/ _` | \ \ \ \
 \\/  ___)| |_)| | | | | || (_| |  ) ) ) )
  '  |____| .__|_| |_|_| |_\__, | / / / /
 =========|_|==============|___/=/_/_/_/
 :: Spring Boot ::                (v2.6.4)

2022-05-04 09:31:42.552  INFO 66597 --- [    Test worker] c.b.u.controllers.UserControllerTest     : Starting UserControllerTest using Java 16.0.2 on Lambda-School-Jamies-MacBook-Pro.local with PID 66597 (started by jamie in /Users/jamie/dev/ATA_Curriculum_Repos/Unit-1/Sprint 4/UserCreation)
2022-05-04 09:31:42.554  INFO 66597 --- [    Test worker] c.b.u.controllers.UserControllerTest     : No active profile set, falling back to 1 default profile: "default"
2022-05-04 09:31:44.227  INFO 66597 --- [    Test worker] o.s.b.t.m.w.SpringBootMockServletContext : Initializing Spring TestDispatcherServlet ''
2022-05-04 09:31:44.227  INFO 66597 --- [    Test worker] o.s.t.web.servlet.TestDispatcherServlet  : Initializing Servlet ''
2022-05-04 09:31:44.228  INFO 66597 --- [    Test worker] o.s.t.web.servlet.TestDispatcherServlet  : Completed initialization in 1 ms
2022-05-04 09:31:44.259  INFO 66597 --- [    Test worker] c.b.u.controllers.UserControllerTest     : Started UserControllerTest in 2.159 seconds (JVM running for 8.752)
]]></system-out>
  <system-err><![CDATA[]]></system-err>
</testsuite>
